C51 COMPILER V9.00   GPIO                                                                  03/22/2018 14:53:34 PAGE 1   


C51 COMPILER V9.00, COMPILATION OF MODULE GPIO
OBJECT MODULE PLACED IN GPIO.OBJ
COMPILER INVOKED BY: C:\Program Files (x86)\KEIL\C51\BIN\C51.EXE GPIO.c BROWSE DEBUG OBJECTEXTEND

line level    source

   1          /*---------------------------------------------------------------------*/
   2          /* --- STC MCU International Limited ----------------------------------*/
   3          /* --- STC 1T Series MCU Demo Programme -------------------------------*/
   4          /* --- Mobile: (86)13922805190 ----------------------------------------*/
   5          /* --- Fax: 86-0513-55012956,55012947,55012969 ------------------------*/
   6          /* --- Tel: 86-0513-55012928,55012929,55012966 ------------------------*/
   7          /* --- Web: www.GXWMCU.com --------------------------------------------*/
   8          /* --- QQ:  800003751 -------------------------------------------------*/
   9          /* 如果要在程序中使用此代码,请在程序中注明使用了宏晶科技的资料及程序   */
  10          /*---------------------------------------------------------------------*/
  11          
  12          /*************  功能说明        **************
  13          
  14          本文件为STC15xxx系列的端口初始化程序,用户几乎可以不修改这个程序.
  15          
  16          
  17          ******************************************/
  18          
  19          #include        "GPIO.h"
  20          
  21          
  22          //========================================================================
  23          // 函数: u8     GPIO_Inilize(u8 GPIO, GPIO_InitTypeDef *GPIOx)
  24          // 描述: 初始化IO口.
  25          // 参数: GPIOx: 结构参数,请参考timer.h里的定义.
  26          // 返回: 成功返回0, 空操作返回1,错误返回2.
  27          // 版本: V1.0, 2012-10-22
  28          //========================================================================
  29          unsigned int    GPIO_Inilize(unsigned int GPIO, GPIO_InitTypeDef *GPIOx)
  30          {
  31   1              if(GPIO > GPIO_P5)                              return 1;       //空操作
  32   1              if(GPIOx->Mode > GPIO_OUT_PP)   return 2;       //错误
  33   1              if(GPIO == GPIO_P0)
  34   1              {
  35   2                      if(GPIOx->Mode == GPIO_PullUp)          P0M1 &= ~GPIOx->Pin,    P0M0 &= ~GPIOx->Pin;     //上拉准双向口
*** ERROR C202 IN LINE 35 OF GPIO.C: 'P0M1': undefined identifier
  36   2                      if(GPIOx->Mode == GPIO_HighZ)           P0M1 |=  GPIOx->Pin,    P0M0 &= ~GPIOx->Pin;     //浮空输入
*** ERROR C202 IN LINE 36 OF GPIO.C: 'P0M1': undefined identifier
  37   2                      if(GPIOx->Mode == GPIO_OUT_OD)          P0M1 |=  GPIOx->Pin,    P0M0 |=  GPIOx->Pin;     //开漏输出
*** ERROR C202 IN LINE 37 OF GPIO.C: 'P0M1': undefined identifier
  38   2                      if(GPIOx->Mode == GPIO_OUT_PP)          P0M1 &= ~GPIOx->Pin,    P0M0 |=  GPIOx->Pin;     //推挽输出
*** ERROR C202 IN LINE 38 OF GPIO.C: 'P0M1': undefined identifier
  39   2              }
  40   1              if(GPIO == GPIO_P1)
  41   1              {
  42   2                      if(GPIOx->Mode == GPIO_PullUp)          P1M1 &= ~GPIOx->Pin,    P1M0 &= ~GPIOx->Pin;     //上拉准双向口
*** ERROR C202 IN LINE 42 OF GPIO.C: 'P1M1': undefined identifier
  43   2                      if(GPIOx->Mode == GPIO_HighZ)           P1M1 |=  GPIOx->Pin,    P1M0 &= ~GPIOx->Pin;     //浮空输入
*** ERROR C202 IN LINE 43 OF GPIO.C: 'P1M1': undefined identifier
  44   2                      if(GPIOx->Mode == GPIO_OUT_OD)          P1M1 |=  GPIOx->Pin,    P1M0 |=  GPIOx->Pin;     //开漏输出
*** ERROR C202 IN LINE 44 OF GPIO.C: 'P1M1': undefined identifier
  45   2                      if(GPIOx->Mode == GPIO_OUT_PP)          P1M1 &= ~GPIOx->Pin,    P1M0 |=  GPIOx->Pin;     //推挽输出
*** ERROR C202 IN LINE 45 OF GPIO.C: 'P1M1': undefined identifier
  46   2              }
  47   1              if(GPIO == GPIO_P2)
C51 COMPILER V9.00   GPIO                                                                  03/22/2018 14:53:34 PAGE 2   

  48   1              {
  49   2                      if(GPIOx->Mode == GPIO_PullUp)          P2M1 &= ~GPIOx->Pin,    P2M0 &= ~GPIOx->Pin;     //上拉准双向口
*** ERROR C202 IN LINE 49 OF GPIO.C: 'P2M1': undefined identifier
  50   2                      if(GPIOx->Mode == GPIO_HighZ)           P2M1 |=  GPIOx->Pin,    P2M0 &= ~GPIOx->Pin;     //浮空输入
*** ERROR C202 IN LINE 50 OF GPIO.C: 'P2M1': undefined identifier
  51   2                      if(GPIOx->Mode == GPIO_OUT_OD)          P2M1 |=  GPIOx->Pin,    P2M0 |=  GPIOx->Pin;     //开漏输出
*** ERROR C202 IN LINE 51 OF GPIO.C: 'P2M1': undefined identifier
  52   2                      if(GPIOx->Mode == GPIO_OUT_PP)          P2M1 &= ~GPIOx->Pin,    P2M0 |=  GPIOx->Pin;     //推挽输出
*** ERROR C202 IN LINE 52 OF GPIO.C: 'P2M1': undefined identifier
  53   2              }
  54   1              if(GPIO == GPIO_P3)
  55   1              {
  56   2                      if(GPIOx->Mode == GPIO_PullUp)          P3M1 &= ~GPIOx->Pin,    P3M0 &= ~GPIOx->Pin;     //上拉准双向口
*** ERROR C202 IN LINE 56 OF GPIO.C: 'P3M1': undefined identifier
  57   2                      if(GPIOx->Mode == GPIO_HighZ)           P3M1 |=  GPIOx->Pin,    P3M0 &= ~GPIOx->Pin;     //浮空输入
*** ERROR C202 IN LINE 57 OF GPIO.C: 'P3M1': undefined identifier
  58   2                      if(GPIOx->Mode == GPIO_OUT_OD)          P3M1 |=  GPIOx->Pin,    P3M0 |=  GPIOx->Pin;     //开漏输出
*** ERROR C202 IN LINE 58 OF GPIO.C: 'P3M1': undefined identifier
  59   2                      if(GPIOx->Mode == GPIO_OUT_PP)          P3M1 &= ~GPIOx->Pin,    P3M0 |=  GPIOx->Pin;     //推挽输出
*** ERROR C202 IN LINE 59 OF GPIO.C: 'P3M1': undefined identifier
  60   2              }
  61   1              if(GPIO == GPIO_P4)
  62   1              {
  63   2                      if(GPIOx->Mode == GPIO_PullUp)          P4M1 &= ~GPIOx->Pin,    P4M0 &= ~GPIOx->Pin;     //上拉准双向口
*** ERROR C202 IN LINE 63 OF GPIO.C: 'P4M1': undefined identifier
  64   2                      if(GPIOx->Mode == GPIO_HighZ)           P4M1 |=  GPIOx->Pin,    P4M0 &= ~GPIOx->Pin;     //浮空输入
*** ERROR C202 IN LINE 64 OF GPIO.C: 'P4M1': undefined identifier
  65   2                      if(GPIOx->Mode == GPIO_OUT_OD)          P4M1 |=  GPIOx->Pin,    P4M0 |=  GPIOx->Pin;     //开漏输出
*** ERROR C202 IN LINE 65 OF GPIO.C: 'P4M1': undefined identifier
  66   2                      if(GPIOx->Mode == GPIO_OUT_PP)          P4M1 &= ~GPIOx->Pin,    P4M0 |=  GPIOx->Pin;     //推挽输出
*** ERROR C202 IN LINE 66 OF GPIO.C: 'P4M1': undefined identifier
  67   2              }
  68   1              if(GPIO == GPIO_P5)
  69   1              {
  70   2                      if(GPIOx->Mode == GPIO_PullUp)          P5M1 &= ~GPIOx->Pin,    P5M0 &= ~GPIOx->Pin;     //上拉准双向口
*** ERROR C202 IN LINE 70 OF GPIO.C: 'P5M1': undefined identifier
  71   2                      if(GPIOx->Mode == GPIO_HighZ)           P5M1 |=  GPIOx->Pin,    P5M0 &= ~GPIOx->Pin;     //浮空输入
*** ERROR C202 IN LINE 71 OF GPIO.C: 'P5M1': undefined identifier
  72   2                      if(GPIOx->Mode == GPIO_OUT_OD)          P5M1 |=  GPIOx->Pin,    P5M0 |=  GPIOx->Pin;     //开漏输出
*** ERROR C202 IN LINE 72 OF GPIO.C: 'P5M1': undefined identifier
  73   2                      if(GPIOx->Mode == GPIO_OUT_PP)          P5M1 &= ~GPIOx->Pin,    P5M0 |=  GPIOx->Pin;     //推挽输出
*** ERROR C202 IN LINE 73 OF GPIO.C: 'P5M1': undefined identifier
  74   2              }
  75   1              return 0;       //成功
  76   1      }

C51 COMPILATION COMPLETE.  0 WARNING(S),  24 ERROR(S)
